<?xml version="1.0" encoding="UTF-8"?>
<testsuite name="helpers.BuddyInfoTest" tests="13" skipped="0" failures="0" errors="0" timestamp="2019-11-04T18:12:51" hostname="DESKTOP-APVRDH2" time="0.75">
  <properties/>
  <testcase name="getGreeting()" classname="helpers.BuddyInfoTest" time="0.066"/>
  <testcase name="getPhoneNumber()" classname="helpers.BuddyInfoTest" time="0.001"/>
  <testcase name="getAge()" classname="helpers.BuddyInfoTest" time="0.001"/>
  <testcase name="testToString()" classname="helpers.BuddyInfoTest" time="0.531"/>
  <testcase name="setAge()" classname="helpers.BuddyInfoTest" time="0.001"/>
  <testcase name="isOver18()" classname="helpers.BuddyInfoTest" time="0.002"/>
  <testcase name="getName()" classname="helpers.BuddyInfoTest" time="0.001"/>
  <testcase name="BuddyInfo()" classname="helpers.BuddyInfoTest" time="0.001"/>
  <testcase name="setHomeAddress()" classname="helpers.BuddyInfoTest" time="0.001"/>
  <testcase name="setPhoneNumber()" classname="helpers.BuddyInfoTest" time="0.001"/>
  <testcase name="testEquals()" classname="helpers.BuddyInfoTest" time="0.126"/>
  <testcase name="setName()" classname="helpers.BuddyInfoTest" time="0.001"/>
  <testcase name="getHomeAddress()" classname="helpers.BuddyInfoTest" time="0.001"/>
  <system-out><![CDATA[]]></system-out>
  <system-err><![CDATA[]]></system-err>
</testsuite>
